[2018-11-22 16:42:18.361] [exthost1] [info] extension host started
[2018-11-22 16:42:18.378] [exthost1] [info] ExtensionService#_doActivateExtension vscode.debug-auto-launch {"startup":true,"activationEvent":"*"}
[2018-11-22 16:42:18.378] [exthost1] [info] ExtensionService#loadCommonJSModule c:\Users\rajendra\.codemix\engine\resources\app\extensions\debug-auto-launch\out\extension
[2018-11-22 16:42:18.384] [exthost1] [info] ExtensionService#_doActivateExtension vscode.emmet {"startup":true,"activationEvent":"*"}
[2018-11-22 16:42:18.384] [exthost1] [info] ExtensionService#loadCommonJSModule c:\Users\rajendra\.codemix\engine\resources\app\extensions\emmet\dist\extension
[2018-11-22 16:42:18.412] [exthost1] [info] ExtensionService#_doActivateExtension vscode.merge-conflict {"startup":true,"activationEvent":"*"}
[2018-11-22 16:42:18.412] [exthost1] [info] ExtensionService#loadCommonJSModule c:\Users\rajendra\.codemix\engine\resources\app\extensions\merge-conflict\out\extension
[2018-11-22 16:42:18.426] [exthost1] [info] ExtensionService#_doActivateExtension vscode.search-rg {"startup":true,"activationEvent":"*"}
[2018-11-22 16:42:18.426] [exthost1] [info] ExtensionService#loadCommonJSModule c:\Users\rajendra\.codemix\engine\resources\app\extensions\search-rg\out\extension
[2018-11-22 16:42:18.434] [exthost1] [info] eager extensions activated
[2018-11-22 16:42:18.434] [exthost1] [info] ExtensionService#_doActivateExtension vscode.configuration-editing {"startup":false,"activationEvent":"onLanguage:jsonc"}
[2018-11-22 16:42:18.434] [exthost1] [info] ExtensionService#loadCommonJSModule c:\Users\rajendra\.codemix\engine\resources\app\extensions\configuration-editing\out\extension
[2018-11-22 16:42:18.449] [exthost1] [info] ExtensionService#_doActivateExtension vscode.json-language-features {"startup":false,"activationEvent":"onLanguage:jsonc"}
[2018-11-22 16:42:18.449] [exthost1] [info] ExtensionService#loadCommonJSModule c:\Users\rajendra\.codemix\engine\resources\app\extensions\json-language-features\client\dist\jsonMain
[2018-11-22 16:42:18.570] [exthost1] [info] ExtensionService#_doActivateExtension vscode.typescript-language-features {"startup":false,"activationEvent":"onLanguage:jsonc"}
[2018-11-22 16:42:18.570] [exthost1] [info] ExtensionService#loadCommonJSModule c:\Users\rajendra\.codemix\engine\resources\app\extensions\typescript-language-features\dist\extension
[2018-11-22 16:42:20.338] [exthost1] [info] ExtensionService#_doActivateExtension vscode.grunt {"startup":false,"activationEvent":"onCommand:workbench.action.tasks.runTask"}
[2018-11-22 16:42:20.338] [exthost1] [info] ExtensionService#loadCommonJSModule c:\Users\rajendra\.codemix\engine\resources\app\extensions\grunt\out\main
[2018-11-22 16:42:20.348] [exthost1] [info] ExtensionService#_doActivateExtension vscode.gulp {"startup":false,"activationEvent":"onCommand:workbench.action.tasks.runTask"}
[2018-11-22 16:42:20.348] [exthost1] [info] ExtensionService#loadCommonJSModule c:\Users\rajendra\.codemix\engine\resources\app\extensions\gulp\out\main
[2018-11-22 16:42:20.355] [exthost1] [info] ExtensionService#_doActivateExtension vscode.jake {"startup":false,"activationEvent":"onCommand:workbench.action.tasks.runTask"}
[2018-11-22 16:42:20.355] [exthost1] [info] ExtensionService#loadCommonJSModule c:\Users\rajendra\.codemix\engine\resources\app\extensions\jake\out\main
[2018-11-22 16:42:20.364] [exthost1] [info] ExtensionService#_doActivateExtension vscode.npm {"startup":false,"activationEvent":"onCommand:workbench.action.tasks.runTask"}
[2018-11-22 16:42:20.364] [exthost1] [info] ExtensionService#loadCommonJSModule c:\Users\rajendra\.codemix\engine\resources\app\extensions\npm\out\main
[2018-11-22 16:42:21.000] [exthost1] [info] extension host started
[2018-11-22 16:42:21.022] [exthost1] [info] ExtensionService#_doActivateExtension vscode.debug-auto-launch {"startup":true,"activationEvent":"*"}
[2018-11-22 16:42:21.022] [exthost1] [info] ExtensionService#loadCommonJSModule c:\Users\rajendra\.codemix\engine\resources\app\extensions\debug-auto-launch\out\extension
[2018-11-22 16:42:21.032] [exthost1] [info] ExtensionService#_doActivateExtension vscode.emmet {"startup":true,"activationEvent":"*"}
[2018-11-22 16:42:21.032] [exthost1] [info] ExtensionService#loadCommonJSModule c:\Users\rajendra\.codemix\engine\resources\app\extensions\emmet\dist\extension
[2018-11-22 16:42:21.075] [exthost1] [info] ExtensionService#_doActivateExtension vscode.merge-conflict {"startup":true,"activationEvent":"*"}
[2018-11-22 16:42:21.075] [exthost1] [info] ExtensionService#loadCommonJSModule c:\Users\rajendra\.codemix\engine\resources\app\extensions\merge-conflict\out\extension
[2018-11-22 16:42:21.098] [exthost1] [info] ExtensionService#_doActivateExtension vscode.search-rg {"startup":true,"activationEvent":"*"}
[2018-11-22 16:42:21.098] [exthost1] [info] ExtensionService#loadCommonJSModule c:\Users\rajendra\.codemix\engine\resources\app\extensions\search-rg\out\extension
[2018-11-22 16:42:21.109] [exthost1] [info] eager extensions activated
[2018-11-22 16:42:21.109] [exthost1] [info] ExtensionService#_doActivateExtension vscode.configuration-editing {"startup":false,"activationEvent":"onLanguage:jsonc"}
[2018-11-22 16:42:21.109] [exthost1] [info] ExtensionService#loadCommonJSModule c:\Users\rajendra\.codemix\engine\resources\app\extensions\configuration-editing\out\extension
[2018-11-22 16:42:21.124] [exthost1] [info] ExtensionService#_doActivateExtension vscode.json-language-features {"startup":false,"activationEvent":"onLanguage:jsonc"}
[2018-11-22 16:42:21.124] [exthost1] [info] ExtensionService#loadCommonJSModule c:\Users\rajendra\.codemix\engine\resources\app\extensions\json-language-features\client\dist\jsonMain
[2018-11-22 16:42:21.283] [exthost1] [info] ExtensionService#_doActivateExtension vscode.typescript-language-features {"startup":false,"activationEvent":"onLanguage:jsonc"}
[2018-11-22 16:42:21.283] [exthost1] [info] ExtensionService#loadCommonJSModule c:\Users\rajendra\.codemix\engine\resources\app\extensions\typescript-language-features\dist\extension
[2018-11-22 16:42:21.430] [exthost1] [info] ExtensionService#_doActivateExtension vscode.grunt {"startup":false,"activationEvent":"onCommand:workbench.action.tasks.runTask"}
[2018-11-22 16:42:21.430] [exthost1] [info] ExtensionService#loadCommonJSModule c:\Users\rajendra\.codemix\engine\resources\app\extensions\grunt\out\main
[2018-11-22 16:42:21.436] [exthost1] [info] ExtensionService#_doActivateExtension vscode.gulp {"startup":false,"activationEvent":"onCommand:workbench.action.tasks.runTask"}
[2018-11-22 16:42:21.436] [exthost1] [info] ExtensionService#loadCommonJSModule c:\Users\rajendra\.codemix\engine\resources\app\extensions\gulp\out\main
[2018-11-22 16:42:21.441] [exthost1] [info] ExtensionService#_doActivateExtension vscode.jake {"startup":false,"activationEvent":"onCommand:workbench.action.tasks.runTask"}
[2018-11-22 16:42:21.441] [exthost1] [info] ExtensionService#loadCommonJSModule c:\Users\rajendra\.codemix\engine\resources\app\extensions\jake\out\main
[2018-11-22 16:42:21.447] [exthost1] [info] ExtensionService#_doActivateExtension vscode.npm {"startup":false,"activationEvent":"onCommand:workbench.action.tasks.runTask"}
[2018-11-22 16:42:21.447] [exthost1] [info] ExtensionService#loadCommonJSModule c:\Users\rajendra\.codemix\engine\resources\app\extensions\npm\out\main
