[2018-11-22 16:43:36.525] [exthost1] [info] extension host started
[2018-11-22 16:43:36.548] [exthost1] [info] ExtensionService#_doActivateExtension vscode.debug-auto-launch {"startup":true,"activationEvent":"*"}
[2018-11-22 16:43:36.549] [exthost1] [info] ExtensionService#loadCommonJSModule c:\Users\rajendra\.codemix\engine\resources\app\extensions\debug-auto-launch\out\extension
[2018-11-22 16:43:36.557] [exthost1] [info] ExtensionService#_doActivateExtension vscode.emmet {"startup":true,"activationEvent":"*"}
[2018-11-22 16:43:36.557] [exthost1] [info] ExtensionService#loadCommonJSModule c:\Users\rajendra\.codemix\engine\resources\app\extensions\emmet\dist\extension
[2018-11-22 16:43:36.586] [exthost1] [info] ExtensionService#_doActivateExtension vscode.merge-conflict {"startup":true,"activationEvent":"*"}
[2018-11-22 16:43:36.586] [exthost1] [info] ExtensionService#loadCommonJSModule c:\Users\rajendra\.codemix\engine\resources\app\extensions\merge-conflict\out\extension
[2018-11-22 16:43:36.602] [exthost1] [info] ExtensionService#_doActivateExtension vscode.search-rg {"startup":true,"activationEvent":"*"}
[2018-11-22 16:43:36.602] [exthost1] [info] ExtensionService#loadCommonJSModule c:\Users\rajendra\.codemix\engine\resources\app\extensions\search-rg\out\extension
[2018-11-22 16:43:36.613] [exthost1] [info] eager extensions activated
[2018-11-22 16:43:37.268] [exthost1] [info] extension host started
[2018-11-22 16:43:37.307] [exthost1] [info] ExtensionService#_doActivateExtension vscode.debug-auto-launch {"startup":true,"activationEvent":"*"}
[2018-11-22 16:43:37.307] [exthost1] [info] ExtensionService#loadCommonJSModule c:\Users\rajendra\.codemix\engine\resources\app\extensions\debug-auto-launch\out\extension
[2018-11-22 16:43:37.320] [exthost1] [info] ExtensionService#_doActivateExtension vscode.emmet {"startup":true,"activationEvent":"*"}
[2018-11-22 16:43:37.320] [exthost1] [info] ExtensionService#loadCommonJSModule c:\Users\rajendra\.codemix\engine\resources\app\extensions\emmet\dist\extension
[2018-11-22 16:43:37.384] [exthost1] [info] ExtensionService#_doActivateExtension vscode.merge-conflict {"startup":true,"activationEvent":"*"}
[2018-11-22 16:43:37.384] [exthost1] [info] ExtensionService#loadCommonJSModule c:\Users\rajendra\.codemix\engine\resources\app\extensions\merge-conflict\out\extension
[2018-11-22 16:43:37.411] [exthost1] [info] ExtensionService#_doActivateExtension vscode.search-rg {"startup":true,"activationEvent":"*"}
[2018-11-22 16:43:37.411] [exthost1] [info] ExtensionService#loadCommonJSModule c:\Users\rajendra\.codemix\engine\resources\app\extensions\search-rg\out\extension
[2018-11-22 16:43:37.427] [exthost1] [info] eager extensions activated
[2018-11-22 16:43:37.427] [exthost1] [info] ExtensionService#_doActivateExtension vscode.configuration-editing {"startup":false,"activationEvent":"onLanguage:jsonc"}
[2018-11-22 16:43:37.427] [exthost1] [info] ExtensionService#loadCommonJSModule c:\Users\rajendra\.codemix\engine\resources\app\extensions\configuration-editing\out\extension
[2018-11-22 16:43:37.446] [exthost1] [info] ExtensionService#_doActivateExtension vscode.json-language-features {"startup":false,"activationEvent":"onLanguage:jsonc"}
[2018-11-22 16:43:37.446] [exthost1] [info] ExtensionService#loadCommonJSModule c:\Users\rajendra\.codemix\engine\resources\app\extensions\json-language-features\client\dist\jsonMain
[2018-11-22 16:43:37.635] [exthost1] [info] ExtensionService#_doActivateExtension vscode.typescript-language-features {"startup":false,"activationEvent":"onLanguage:jsonc"}
[2018-11-22 16:43:37.635] [exthost1] [info] ExtensionService#loadCommonJSModule c:\Users\rajendra\.codemix\engine\resources\app\extensions\typescript-language-features\dist\extension
[2018-11-22 16:43:37.822] [exthost1] [info] ExtensionService#_doActivateExtension vscode.grunt {"startup":false,"activationEvent":"onCommand:workbench.action.tasks.runTask"}
[2018-11-22 16:43:37.822] [exthost1] [info] ExtensionService#loadCommonJSModule c:\Users\rajendra\.codemix\engine\resources\app\extensions\grunt\out\main
[2018-11-22 16:43:37.829] [exthost1] [info] ExtensionService#_doActivateExtension vscode.gulp {"startup":false,"activationEvent":"onCommand:workbench.action.tasks.runTask"}
[2018-11-22 16:43:37.829] [exthost1] [info] ExtensionService#loadCommonJSModule c:\Users\rajendra\.codemix\engine\resources\app\extensions\gulp\out\main
[2018-11-22 16:43:37.837] [exthost1] [info] ExtensionService#_doActivateExtension vscode.jake {"startup":false,"activationEvent":"onCommand:workbench.action.tasks.runTask"}
[2018-11-22 16:43:37.837] [exthost1] [info] ExtensionService#loadCommonJSModule c:\Users\rajendra\.codemix\engine\resources\app\extensions\jake\out\main
[2018-11-22 16:43:37.846] [exthost1] [info] ExtensionService#_doActivateExtension vscode.npm {"startup":false,"activationEvent":"onCommand:workbench.action.tasks.runTask"}
[2018-11-22 16:43:37.846] [exthost1] [info] ExtensionService#loadCommonJSModule c:\Users\rajendra\.codemix\engine\resources\app\extensions\npm\out\main
